
eepr| Read config from EEPROM [41 times]. EEPROM used 710b ( reserved 710b). 20 waves with size 22b ( max 26b). yo size = 152b.
anim| Wave ID:   3. Web value: 666. И наш выбор: 'Костерок v3.ix'.

wifi| [1] Connecting to: hive2g.fps | 1341
..fps | 2994
.
wifi| Connection connect.
wifi| IP address: 192.168.1.9
fps | 2982
fps | 2994
fps | 2994
fps | 2992
fps | 2992
fps | 2991
fps | 3031
fps | 2998
fps | 3002
fps | 3002
fps | 3003
fps | 2995
fps | 2980
fps | 2979
fps | 3007
fps | 2993
fps | 2993
fps | 3021
fps | 3019
fps | 2994
fps | 3016
fps | 3004
fps | 2993
fps | 2999
fps | 3001
fps | 3008
fps | 2993
fps | 2992
fps | 3001
fps | 3002
fps | 2986
fps | 3005
fps | 3020
fps | 3007
fps | 3003
fps | 3036
fps | 2989
fps | 2983
fps | 3000
fps | 2998
fps | 3018
fps | 2990
fps | 2986
fps | 2988
webs| Client reconnected! Last message ID that it gat is: 32041
fps | 2927
fps | 2990
fps | 3028
fps | 3013
fps | 3016
fps | 3011
fps | 3014
fps | 3015
fps | 3011
fps | 3018
fps | 3025
fps | 3042
fps | 3009
fps | 3032
fps | 2989
fps | 2993
fps | 2983
fps | 3002
fps | 3006
fps | 3025
fps | 3009
fps | 3015
fps | 3000
fps | 2985
fps | 3002
fps | 3007
fps | 3028
fps | 3017
fps | 3007
fps | 2986
fps | 2993
fps | 3003
fps | 2993
fps | 3021
fps | 3004
fps | 3007
fps | 2998
fps | 3019
fps | 3007
fps | 3034
fps | 3027
fps | 3031
fps | 3017
fps | 2999
fps | 2996
fps | 3001
fps | 3021
fps | 3022
fps | 3012
fps | 3006
fps | 3017
fps | 3016
fps | 3006
fps | 3041
fps | 2997
fps | 3017
fps | 3038
fps | 3002
fps | 3001
fps | 3006
fps | 2996
fps | 2999
fps | 3000
fps | 3009
fps | 3019
fps | 3014
fps | 3009
fps | 3025
fps | 3005
fps | 3008
fps | 3026
fps | 3010
fps | 3019
fps | 3023
fps | 3053
fps | 3018
fps | 3015
fps | 3034
fps | 3005
fps | 3025
fps | 3008
fps | 3020
fps | 3009
fps | 3006
fps | 3014
fps | 3000
fps | 3035
fps | 3021
