
eepr| Read config from EEPROM [41 times]. EEPROM used 710b ( reserved 710b). 20 waves with size 22b ( max 26b). yo size = 152b.
anim| Wave ID:   3. Web value: 666. И наш выбор: 'Костерок v3.ix'.

wifi| [1] Connecting to: hive2g.fps | 405
..fps | 1092
..
wifi| Connection connect.
wifi| IP address: 192.168.1.9
fps | 1254
fps | 1256
fps | 938
fps | 444
fps | 433
fps | 557
fps | 824
fps | 654
fps | 619
fps | 605
fps | 757
fps | 837
fps | 806
fps | 699
fps | 651
fps | 635
fps | 581
fps | 515
fps | 514
fps | 908
fps | 1270
fps | 1126
fps | 1128
fps | 1139
fps | 571
fps | 517
fps | 522
fps | 2055
fps | 2411
fps | 2392
fps | 1439
fps | 1127
webs| Client reconnected! Last message ID that it gat is: 11975
fps | 1107
fps | 852
fps | 757
fps | 786
fps | 1746
fps | 2244
fps | 624
fps | 552
fps | 522
fps | 1272
fps | 1041
fps | 834
fps | 813
fps | 1439
fps | 2384
fps | 1312
fps | 1129
fps | 1135
fps | 2132
fps | 1952
fps | 663
fps | 553
fps | 550
fps | 626
fps | 1782
fps | 2421
fps | 2383
fps | 1494
fps | 831
fps | 827
fps | 1623
fps | 2415
fps | 2400
fps | 1910
fps | 1287
fps | 868
fps | 750
fps | 647
fps | 618
fps | 574
fps | 490
fps | 575
fps | 777
fps | 1286
fps | 1276
fps | 1456
fps | 2393
fps | 2397
fps | 2301
fps | 1279
fps | 911
fps | 612
fps | 506
fps | 539
fps | 637
fps | 790
fps | 819
fps | 829
fps | 816
fps | 1331
fps | 2418
fps | 2393
fps | 2094
fps | 1275
fps | 706
fps | 502
fps | 608
fps | 1777
fps | 2437
fps | 2404
fps | 2394
fps | 2326
fps | 790
fps | 631
fps | 513
fps | 439
fps | 605
fps | 824
fps | 830
fps | 932
fps | 1167
fps | 1244
fps | 1270
fps | 1251
fps | 2140
fps | 1947
fps | 439
fps | 421
fps | 540
fps | 1127
fps | 814
fps | 632
fps | 610
